<?xml version="1.0" encoding="UTF-8"?>
<TestRun id="dcb9ac24-52a9-40e0-9d10-bad2ae084b2e" name="abhishk@ABHISHK-DT 2017-08-21 15:27:47" runUser="FAREAST\abhishk" xmlns="http://microsoft.com/schemas/VisualStudio/TeamTest/2010">
  <Times creation="2017-08-21T15:27:47.6287121+05:30" queuing="2017-08-21T15:27:47.6287121+05:30" start="2017-08-21T15:27:42.9094882+05:30" finish="2017-08-21T15:27:47.6443690+05:30" />
  <TestSettings name="default" id="bf138258-b507-4b5f-af51-4b2926f1afb1">
    <Execution>
      <TestTypeSpecific />
    </Execution>
    <Deployment runDeploymentRoot="abhishk_ABHISHK-DT 2017-08-21 15_27_47" />
    <Properties />
  </TestSettings>
  <Results>
    <UnitTestResult executionId="918e3bb0-d483-4af9-8261-427eae01e090" testId="4954317b-70f5-4c3e-8e1e-694fc2d54f55" testName="1- AddTest6 (OrderedTest1)" computerName="ABHISHK-DT" duration="00:00:00.0251169" startTime="2017-08-21T09:57:44.7065537+05:30" endTime="2017-08-21T09:57:45.8316784+05:30" testType="13cdc9d9-ddb5-4fa4-a97d-d965ccfc6d4b" outcome="Passed" testListId="8c84fa94-04c1-424b-9868-57a2d4851a1d" relativeResultsDirectory="918e3bb0-d483-4af9-8261-427eae01e090" />
    <UnitTestResult executionId="f023d81f-5666-429b-8537-3b7e5611a1e3" testId="12a966d0-4d60-4a15-b637-a7bb07ad510c" testName="2- MultiplyTest6 (OrderedTest1)" computerName="ABHISHK-DT" duration="00:00:00.0001390" startTime="2017-08-21T09:57:45.8316784+05:30" endTime="2017-08-21T09:57:45.8316784+05:30" testType="13cdc9d9-ddb5-4fa4-a97d-d965ccfc6d4b" outcome="Passed" testListId="8c84fa94-04c1-424b-9868-57a2d4851a1d" relativeResultsDirectory="f023d81f-5666-429b-8537-3b7e5611a1e3" />
  </Results>
  <TestDefinitions>
    <UnitTest name="1- AddTest6 (OrderedTest1)" storage="c:\users\abhishk\source\repos\dta4\orderedtesttesting\unittestproject4\orderedtest1.orderedtest" id="4954317b-70f5-4c3e-8e1e-694fc2d54f55">
      <Execution id="918e3bb0-d483-4af9-8261-427eae01e090" />
      <TestMethod codeBase="C:\Users\abhishk\Source\Repos\DTA4\orderedTestTesting\UnitTestProject4\OrderedTest1.orderedtest" adapterTypeName="Microsoft.VisualStudio.TestTools.TestTypes.Unit.UnitTestAdapter" className="DefaultClassName" name="1- AddTest6 (OrderedTest1)" />
    </UnitTest>
    <UnitTest name="2- MultiplyTest6 (OrderedTest1)" storage="c:\users\abhishk\source\repos\dta4\orderedtesttesting\unittestproject4\orderedtest1.orderedtest" id="12a966d0-4d60-4a15-b637-a7bb07ad510c">
      <Execution id="f023d81f-5666-429b-8537-3b7e5611a1e3" />
      <TestMethod codeBase="C:\Users\abhishk\Source\Repos\DTA4\orderedTestTesting\UnitTestProject4\OrderedTest1.orderedtest" adapterTypeName="Microsoft.VisualStudio.TestTools.TestTypes.Unit.UnitTestAdapter" className="DefaultClassName" name="2- MultiplyTest6 (OrderedTest1)" />
    </UnitTest>
  </TestDefinitions>
  <TestEntries>
    <TestEntry testId="4954317b-70f5-4c3e-8e1e-694fc2d54f55" executionId="918e3bb0-d483-4af9-8261-427eae01e090" testListId="8c84fa94-04c1-424b-9868-57a2d4851a1d" />
    <TestEntry testId="12a966d0-4d60-4a15-b637-a7bb07ad510c" executionId="f023d81f-5666-429b-8537-3b7e5611a1e3" testListId="8c84fa94-04c1-424b-9868-57a2d4851a1d" />
  </TestEntries>
  <TestLists>
    <TestList name="Results Not in a List" id="8c84fa94-04c1-424b-9868-57a2d4851a1d" />
    <TestList name="All Loaded Results" id="19431567-8539-422a-85d7-44ee4e166bda" />
  </TestLists>
  <ResultSummary outcome="Completed">
    <Counters total="2" executed="2" passed="2" failed="0" error="0" timeout="0" aborted="0" inconclusive="0" passedButRunAborted="0" notRunnable="0" notExecuted="0" disconnected="0" warning="0" completed="0" inProgress="0" pending="0" />
  </ResultSummary>
</TestRun>